-------------------------------------------------------------------------------
Test set: it.unipd.mtss.BillTest
-------------------------------------------------------------------------------
Tests run: 1, Failures: 1, Errors: 0, Skipped: 0, Time elapsed: 0.043 s <<< FAILURE! - in it.unipd.mtss.BillTest
getOrderPrice_ScontoProcessoreMenoCaroTest(it.unipd.mtss.BillTest)  Time elapsed: 0.022 s  <<< FAILURE!
java.lang.AssertionError: expected:<3.2> but was:<-Infinity>
	at it.unipd.mtss.BillTest.getOrderPrice_ScontoProcessoreMenoCaroTest(BillTest.java:48)

