-------------------------------------------------------------------------------
Test set: it.unipd.mtss.BillTest
-------------------------------------------------------------------------------
Tests run: 7, Failures: 1, Errors: 0, Skipped: 0, Time elapsed: 0.047 s <<< FAILURE! - in it.unipd.mtss.BillTest
getOrderPrice_regaloPerMinorenneCasualeTest(it.unipd.mtss.BillTest)  Time elapsed: 0.008 s  <<< FAILURE!
java.lang.AssertionError: expected:<240.0> but was:<228.0>
	at it.unipd.mtss.BillTest.getOrderPrice_regaloPerMinorenneCasualeTest(BillTest.java:201)

