<?xml version="1.0" encoding="UTF-8"?>
<testsuite xmlns:xsi="http://www.w3.org/2001/XMLSchema-instance" xsi:noNamespaceSchemaLocation="https://maven.apache.org/surefire/maven-surefire-plugin/xsd/surefire-test-report.xsd" name="it.unipd.mtss.BillTest" time="0.043" tests="1" errors="0" skipped="0" failures="1">
  <properties>
[...]
</properties>
  <testcase name="getOrderPrice_ScontoProcessoreMenoCaroTest" classname="it.unipd.mtss.BillTest" time="0.022">
    <failure message="expected:&lt;3.2&gt; but was:&lt;-Infinity&gt;" type="java.lang.AssertionError"><![CDATA[java.lang.AssertionError: expected:<3.2> but was:<-Infinity>
	at it.unipd.mtss.BillTest.getOrderPrice_ScontoProcessoreMenoCaroTest(BillTest.java:48)
]]></failure>
    <system-out><![CDATA[6.4
]]></system-out>
  </testcase>
</testsuite>